--- Startup times for process: Primary/TUI ---

times in msec
 clock   self+sourced   self:  sourced script
 clock   elapsed:              other lines

000.011  000.011: --- NVIM STARTING ---
003.070  003.058: event init
004.412  001.342: early init
006.194  001.782: locale set
007.120  000.926: init first window
009.569  002.450: inits 1
009.588  000.019: window checked
009.592  000.004: parsing arguments
011.213  000.336  000.336: require('vim.shared')
011.347  000.030  000.030: require('vim.inspect')
011.439  000.020  000.020: require('vim._options')
011.440  000.164  000.114: require('vim._editor')
011.442  000.605  000.105: require('vim._init_packages')
011.443  001.246: init lua interpreter
013.438  001.995: --- NVIM STARTED ---

--- Startup times for process: Embedded ---

times in msec
 clock   self+sourced   self:  sourced script
 clock   elapsed:              other lines

000.000  000.000: --- NVIM STARTING ---
000.058  000.058: event init
000.165  000.107: early init
000.450  000.285: locale set
000.476  000.027: init first window
000.708  000.232: inits 1
000.720  000.012: window checked
000.722  000.003: parsing arguments
001.006  000.022  000.022: require('vim.shared')
001.049  000.021  000.021: require('vim.inspect')
001.078  000.018  000.018: require('vim._options')
001.079  000.072  000.032: require('vim._editor')
001.080  000.132  000.038: require('vim._init_packages')
001.081  000.227: init lua interpreter
012.442  011.360: expanding arguments
012.473  000.032: inits 2
012.665  000.192: init highlight
012.666  000.001: waiting for UI
013.101  000.436: done waiting for UI
013.104  000.003: clear screen
013.224  000.016  000.016: require('vim.keymap')
017.491  004.382  004.366: require('vim._defaults')
017.496  000.009: init default mappings & autocommands
019.382  000.949  000.949: sourcing /opt/homebrew/Cellar/neovim/HEAD-a0a189a/share/nvim/runtime/ftplugin.vim
020.734  001.093  001.093: sourcing /opt/homebrew/Cellar/neovim/HEAD-a0a189a/share/nvim/runtime/indent.vim
020.747  001.209: sourcing vimrc file(s)
021.463  000.486  000.486: sourcing /opt/homebrew/Cellar/neovim/HEAD-a0a189a/share/nvim/runtime/filetype.lua
022.090  000.186  000.186: sourcing /opt/homebrew/Cellar/neovim/HEAD-a0a189a/share/nvim/runtime/syntax/synload.vim
022.194  000.615  000.428: sourcing /opt/homebrew/Cellar/neovim/HEAD-a0a189a/share/nvim/runtime/syntax/syntax.vim
026.317  000.507  000.507: sourcing /opt/homebrew/Cellar/neovim/HEAD-a0a189a/share/nvim/runtime/plugin/gzip.vim
031.658  000.324  000.324: sourcing /opt/homebrew/Cellar/neovim/HEAD-a0a189a/share/nvim/runtime/pack/dist/opt/matchit/plugin/matchit.vim
031.716  005.266  004.942: sourcing /opt/homebrew/Cellar/neovim/HEAD-a0a189a/share/nvim/runtime/plugin/matchit.vim
032.101  000.326  000.326: sourcing /opt/homebrew/Cellar/neovim/HEAD-a0a189a/share/nvim/runtime/plugin/matchparen.vim
032.461  000.315  000.315: sourcing /opt/homebrew/Cellar/neovim/HEAD-a0a189a/share/nvim/runtime/plugin/netrwPlugin.vim
032.577  000.059  000.059: sourcing /opt/homebrew/Cellar/neovim/HEAD-a0a189a/share/nvim/runtime/plugin/rplugin.vim
032.693  000.069  000.069: sourcing /opt/homebrew/Cellar/neovim/HEAD-a0a189a/share/nvim/runtime/plugin/shada.vim
032.781  000.037  000.037: sourcing /opt/homebrew/Cellar/neovim/HEAD-a0a189a/share/nvim/runtime/plugin/spellfile.vim
032.917  000.089  000.089: sourcing /opt/homebrew/Cellar/neovim/HEAD-a0a189a/share/nvim/runtime/plugin/tarPlugin.vim
032.999  000.034  000.034: sourcing /opt/homebrew/Cellar/neovim/HEAD-a0a189a/share/nvim/runtime/plugin/tutor.vim
033.130  000.087  000.087: sourcing /opt/homebrew/Cellar/neovim/HEAD-a0a189a/share/nvim/runtime/plugin/zipPlugin.vim
033.256  000.077  000.077: sourcing /opt/homebrew/Cellar/neovim/HEAD-a0a189a/share/nvim/runtime/plugin/editorconfig.lua
033.379  000.078  000.078: sourcing /opt/homebrew/Cellar/neovim/HEAD-a0a189a/share/nvim/runtime/plugin/man.lua
033.512  000.090  000.090: sourcing /opt/homebrew/Cellar/neovim/HEAD-a0a189a/share/nvim/runtime/plugin/osc52.lua
033.611  000.052  000.052: sourcing /opt/homebrew/Cellar/neovim/HEAD-a0a189a/share/nvim/runtime/plugin/tohtml.lua
033.673  004.739: loading rtp plugins
034.021  000.347: loading packages
034.573  000.552: loading after plugins
034.586  000.013: inits 3
034.882  000.296: reading ShaDa
034.968  000.086: opening buffers
034.984  000.016: BufEnter autocommands
034.985  000.001: editing files in windows
035.081  000.096: VimEnter autocommands
035.082  000.001: UIEnter autocommands
035.083  000.001: before starting main loop
035.516  000.433: first screen update
035.517  000.001: --- NVIM STARTED ---

--- Startup times for process: Primary/TUI ---

times in msec
 clock   self+sourced   self:  sourced script
 clock   elapsed:              other lines

000.012  000.012: --- NVIM STARTING ---
001.412  001.400: event init
002.744  001.332: early init
003.056  000.312: locale set
003.986  000.930: init first window
006.171  002.185: inits 1
006.187  000.016: window checked
006.190  000.004: parsing arguments
007.510  000.254  000.254: require('vim.shared')
007.570  000.024  000.024: require('vim.inspect')
007.644  000.018  000.018: require('vim._options')
007.646  000.134  000.091: require('vim._editor')
007.647  000.449  000.061: require('vim._init_packages')
007.648  001.009: init lua interpreter
007.945  000.297: --- NVIM STARTED ---

--- Startup times for process: Embedded ---

times in msec
 clock   self+sourced   self:  sourced script
 clock   elapsed:              other lines

000.000  000.000: --- NVIM STARTING ---
000.044  000.044: event init
000.134  000.090: early init
000.354  000.220: locale set
000.378  000.024: init first window
000.545  000.168: inits 1
000.554  000.009: window checked
000.556  000.002: parsing arguments
000.796  000.019  000.019: require('vim.shared')
000.837  000.020  000.020: require('vim.inspect')
000.862  000.017  000.017: require('vim._options')
000.863  000.066  000.029: require('vim._editor')
000.864  000.116  000.031: require('vim._init_packages')
000.865  000.193: init lua interpreter
002.396  001.531: expanding arguments
002.416  000.020: inits 2
002.606  000.190: init highlight
002.606  000.001: waiting for UI
003.020  000.414: done waiting for UI
003.022  000.002: clear screen
003.124  000.014  000.014: require('vim.keymap')
004.663  001.639  001.625: require('vim._defaults')
004.665  000.003: init default mappings & autocommands
005.280  000.324  000.324: sourcing /opt/homebrew/Cellar/neovim/HEAD-a0a189a/share/nvim/runtime/ftplugin.vim
005.450  000.126  000.126: sourcing /opt/homebrew/Cellar/neovim/HEAD-a0a189a/share/nvim/runtime/indent.vim
005.452  000.337: sourcing vimrc file(s)
005.703  000.211  000.211: sourcing /opt/homebrew/Cellar/neovim/HEAD-a0a189a/share/nvim/runtime/filetype.lua
006.126  000.170  000.170: sourcing /opt/homebrew/Cellar/neovim/HEAD-a0a189a/share/nvim/runtime/syntax/synload.vim
006.211  000.440  000.270: sourcing /opt/homebrew/Cellar/neovim/HEAD-a0a189a/share/nvim/runtime/syntax/syntax.vim
007.100  000.251  000.251: sourcing /opt/homebrew/Cellar/neovim/HEAD-a0a189a/share/nvim/runtime/plugin/gzip.vim
007.853  000.243  000.243: sourcing /opt/homebrew/Cellar/neovim/HEAD-a0a189a/share/nvim/runtime/pack/dist/opt/matchit/plugin/matchit.vim
007.878  000.731  000.488: sourcing /opt/homebrew/Cellar/neovim/HEAD-a0a189a/share/nvim/runtime/plugin/matchit.vim
008.185  000.274  000.274: sourcing /opt/homebrew/Cellar/neovim/HEAD-a0a189a/share/nvim/runtime/plugin/matchparen.vim
008.582  000.362  000.362: sourcing /opt/homebrew/Cellar/neovim/HEAD-a0a189a/share/nvim/runtime/plugin/netrwPlugin.vim
008.705  000.065  000.065: sourcing /opt/homebrew/Cellar/neovim/HEAD-a0a189a/share/nvim/runtime/plugin/rplugin.vim
008.823  000.075  000.075: sourcing /opt/homebrew/Cellar/neovim/HEAD-a0a189a/share/nvim/runtime/plugin/shada.vim
008.912  000.040  000.040: sourcing /opt/homebrew/Cellar/neovim/HEAD-a0a189a/share/nvim/runtime/plugin/spellfile.vim
009.036  000.079  000.079: sourcing /opt/homebrew/Cellar/neovim/HEAD-a0a189a/share/nvim/runtime/plugin/tarPlugin.vim
009.122  000.034  000.034: sourcing /opt/homebrew/Cellar/neovim/HEAD-a0a189a/share/nvim/runtime/plugin/tutor.vim
009.251  000.087  000.087: sourcing /opt/homebrew/Cellar/neovim/HEAD-a0a189a/share/nvim/runtime/plugin/zipPlugin.vim
009.354  000.057  000.057: sourcing /opt/homebrew/Cellar/neovim/HEAD-a0a189a/share/nvim/runtime/plugin/editorconfig.lua
009.468  000.068  000.068: sourcing /opt/homebrew/Cellar/neovim/HEAD-a0a189a/share/nvim/runtime/plugin/man.lua
009.585  000.076  000.076: sourcing /opt/homebrew/Cellar/neovim/HEAD-a0a189a/share/nvim/runtime/plugin/osc52.lua
009.687  000.055  000.055: sourcing /opt/homebrew/Cellar/neovim/HEAD-a0a189a/share/nvim/runtime/plugin/tohtml.lua
009.714  001.357: loading rtp plugins
009.811  000.097: loading packages
009.998  000.187: loading after plugins
010.002  000.004: inits 3
010.219  000.216: reading ShaDa
010.279  000.061: opening buffers
010.289  000.010: BufEnter autocommands
010.290  000.001: editing files in windows
010.367  000.076: VimEnter autocommands
010.368  000.001: UIEnter autocommands
010.368  000.001: before starting main loop
010.763  000.394: first screen update
010.763  000.001: --- NVIM STARTED ---

--- Startup times for process: Primary/TUI ---

times in msec
 clock   self+sourced   self:  sourced script
 clock   elapsed:              other lines

000.001  000.001: --- NVIM STARTING ---
000.058  000.057: event init
000.158  000.100: early init
000.436  000.278: locale set
000.456  000.020: init first window
000.681  000.224: inits 1
000.684  000.004: window checked
000.687  000.002: parsing arguments
000.958  000.022  000.022: require('vim.shared')
001.002  000.022  000.022: require('vim.inspect')
001.030  000.018  000.018: require('vim._options')
001.031  000.071  000.031: require('vim._editor')
001.032  000.132  000.039: require('vim._init_packages')
001.033  000.214: init lua interpreter
001.401  000.368: --- NVIM STARTED ---

--- Startup times for process: Embedded ---

times in msec
 clock   self+sourced   self:  sourced script
 clock   elapsed:              other lines

000.000  000.000: --- NVIM STARTING ---
000.045  000.044: event init
000.131  000.086: early init
000.339  000.208: locale set
000.362  000.024: init first window
000.542  000.179: inits 1
000.551  000.009: window checked
000.553  000.002: parsing arguments
000.801  000.020  000.020: require('vim.shared')
000.843  000.022  000.022: require('vim.inspect')
000.869  000.017  000.017: require('vim._options')
000.870  000.068  000.029: require('vim._editor')
000.871  000.116  000.028: require('vim._init_packages')
000.872  000.204: init lua interpreter
002.539  001.667: expanding arguments
002.556  000.017: inits 2
002.720  000.164: init highlight
002.724  000.004: waiting for UI
002.812  000.088: done waiting for UI
002.813  000.002: clear screen
002.869  000.007  000.007: require('vim.keymap')
003.456  000.639  000.633: require('vim._defaults')
003.457  000.004: init default mappings & autocommands
003.792  000.036  000.036: sourcing /opt/homebrew/Cellar/neovim/HEAD-a0a189a/share/nvim/runtime/ftplugin.vim
003.854  000.016  000.016: sourcing /opt/homebrew/Cellar/neovim/HEAD-a0a189a/share/nvim/runtime/indent.vim
003.856  000.347: sourcing vimrc file(s)
004.000  000.097  000.097: sourcing /opt/homebrew/Cellar/neovim/HEAD-a0a189a/share/nvim/runtime/filetype.lua
004.197  000.053  000.053: sourcing /opt/homebrew/Cellar/neovim/HEAD-a0a189a/share/nvim/runtime/syntax/synload.vim
004.266  000.185  000.132: sourcing /opt/homebrew/Cellar/neovim/HEAD-a0a189a/share/nvim/runtime/syntax/syntax.vim
005.013  000.092  000.092: sourcing /opt/homebrew/Cellar/neovim/HEAD-a0a189a/share/nvim/runtime/plugin/gzip.vim
005.489  000.096  000.096: sourcing /opt/homebrew/Cellar/neovim/HEAD-a0a189a/share/nvim/runtime/pack/dist/opt/matchit/plugin/matchit.vim
005.515  000.464  000.367: sourcing /opt/homebrew/Cellar/neovim/HEAD-a0a189a/share/nvim/runtime/plugin/matchit.vim
005.627  000.075  000.075: sourcing /opt/homebrew/Cellar/neovim/HEAD-a0a189a/share/nvim/runtime/plugin/matchparen.vim
005.798  000.136  000.136: sourcing /opt/homebrew/Cellar/neovim/HEAD-a0a189a/share/nvim/runtime/plugin/netrwPlugin.vim
005.872  000.030  000.030: sourcing /opt/homebrew/Cellar/neovim/HEAD-a0a189a/share/nvim/runtime/plugin/rplugin.vim
005.943  000.032  000.032: sourcing /opt/homebrew/Cellar/neovim/HEAD-a0a189a/share/nvim/runtime/plugin/shada.vim
006.001  000.010  000.010: sourcing /opt/homebrew/Cellar/neovim/HEAD-a0a189a/share/nvim/runtime/plugin/spellfile.vim
006.094  000.054  000.054: sourcing /opt/homebrew/Cellar/neovim/HEAD-a0a189a/share/nvim/runtime/plugin/tarPlugin.vim
006.145  000.008  000.008: sourcing /opt/homebrew/Cellar/neovim/HEAD-a0a189a/share/nvim/runtime/plugin/tutor.vim
006.248  000.057  000.057: sourcing /opt/homebrew/Cellar/neovim/HEAD-a0a189a/share/nvim/runtime/plugin/zipPlugin.vim
006.323  000.030  000.030: sourcing /opt/homebrew/Cellar/neovim/HEAD-a0a189a/share/nvim/runtime/plugin/editorconfig.lua
006.411  000.041  000.041: sourcing /opt/homebrew/Cellar/neovim/HEAD-a0a189a/share/nvim/runtime/plugin/man.lua
006.501  000.043  000.043: sourcing /opt/homebrew/Cellar/neovim/HEAD-a0a189a/share/nvim/runtime/plugin/osc52.lua
006.568  000.025  000.025: sourcing /opt/homebrew/Cellar/neovim/HEAD-a0a189a/share/nvim/runtime/plugin/tohtml.lua
006.591  001.356: loading rtp plugins
006.693  000.102: loading packages
006.881  000.188: loading after plugins
006.886  000.004: inits 3
006.888  000.002: reading ShaDa
006.932  000.044: opening buffers
006.942  000.010: BufEnter autocommands
006.943  000.001: editing files in windows
007.011  000.068: VimEnter autocommands
007.013  000.001: UIEnter autocommands
007.013  000.001: before starting main loop
007.138  000.125: first screen update
007.139  000.001: --- NVIM STARTED ---

--- Startup times for process: Primary/TUI ---

times in msec
 clock   self+sourced   self:  sourced script
 clock   elapsed:              other lines

000.001  000.001: --- NVIM STARTING ---
000.993  000.993: event init
002.939  001.946: early init
004.179  001.239: locale set
005.336  001.157: init first window
008.165  002.829: inits 1
008.304  000.138: window checked
009.710  001.407: parsing arguments
011.683  000.024  000.024: require('vim.shared')
011.850  000.025  000.025: require('vim.inspect')
011.890  000.033  000.033: require('vim._options')
011.891  000.203  000.145: require('vim._editor')
011.892  000.319  000.092: require('vim._init_packages')
011.893  001.863: init lua interpreter
012.351  000.458: --- NVIM STARTED ---

--- Startup times for process: Embedded ---

times in msec
 clock   self+sourced   self:  sourced script
 clock   elapsed:              other lines

000.000  000.000: --- NVIM STARTING ---
000.042  000.041: event init
000.123  000.081: early init
000.342  000.219: locale set
000.366  000.024: init first window
000.536  000.170: inits 1
000.546  000.009: window checked
000.623  000.077: parsing arguments
000.936  000.019  000.019: require('vim.shared')
000.979  000.021  000.021: require('vim.inspect')
001.003  000.018  000.018: require('vim._options')
001.004  000.066  000.026: require('vim._editor')
001.004  000.119  000.034: require('vim._init_packages')
001.005  000.263: init lua interpreter
005.749  004.744: expanding arguments
005.962  000.213: inits 2
006.376  000.413: init highlight
006.377  000.001: waiting for UI
007.306  000.929: done waiting for UI
007.308  000.002: clear screen
007.867  000.129  000.129: require('vim.keymap')
010.724  003.411  003.282: require('vim._defaults')
010.725  000.007: init default mappings & autocommands
011.347  000.197  000.197: sourcing /opt/homebrew/Cellar/neovim/0.10.1/share/nvim/runtime/ftplugin.vim
011.478  000.088  000.088: sourcing /opt/homebrew/Cellar/neovim/0.10.1/share/nvim/runtime/indent.vim
011.482  000.473: sourcing vimrc file(s)
011.724  000.204  000.204: sourcing /opt/homebrew/Cellar/neovim/0.10.1/share/nvim/runtime/filetype.lua
012.058  000.151  000.151: sourcing /opt/homebrew/Cellar/neovim/0.10.1/share/nvim/runtime/syntax/synload.vim
012.279  000.499  000.348: sourcing /opt/homebrew/Cellar/neovim/0.10.1/share/nvim/runtime/syntax/syntax.vim
013.143  000.213  000.213: sourcing /opt/homebrew/Cellar/neovim/0.10.1/share/nvim/runtime/plugin/gzip.vim
013.833  000.212  000.212: sourcing /opt/homebrew/Cellar/neovim/0.10.1/share/nvim/runtime/pack/dist/opt/matchit/plugin/matchit.vim
013.860  000.679  000.468: sourcing /opt/homebrew/Cellar/neovim/0.10.1/share/nvim/runtime/plugin/matchit.vim
014.129  000.234  000.234: sourcing /opt/homebrew/Cellar/neovim/0.10.1/share/nvim/runtime/plugin/matchparen.vim
014.680  000.516  000.516: sourcing /opt/homebrew/Cellar/neovim/0.10.1/share/nvim/runtime/plugin/netrwPlugin.vim
014.796  000.070  000.070: sourcing /opt/homebrew/Cellar/neovim/0.10.1/share/nvim/runtime/plugin/rplugin.vim
014.895  000.054  000.054: sourcing /opt/homebrew/Cellar/neovim/0.10.1/share/nvim/runtime/plugin/shada.vim
014.984  000.046  000.046: sourcing /opt/homebrew/Cellar/neovim/0.10.1/share/nvim/runtime/plugin/spellfile.vim
015.100  000.077  000.077: sourcing /opt/homebrew/Cellar/neovim/0.10.1/share/nvim/runtime/plugin/tarPlugin.vim
015.179  000.038  000.038: sourcing /opt/homebrew/Cellar/neovim/0.10.1/share/nvim/runtime/plugin/tutor.vim
015.307  000.087  000.087: sourcing /opt/homebrew/Cellar/neovim/0.10.1/share/nvim/runtime/plugin/zipPlugin.vim
015.411  000.062  000.062: sourcing /opt/homebrew/Cellar/neovim/0.10.1/share/nvim/runtime/plugin/editorconfig.lua
015.530  000.079  000.079: sourcing /opt/homebrew/Cellar/neovim/0.10.1/share/nvim/runtime/plugin/man.lua
015.753  000.180  000.180: sourcing /opt/homebrew/Cellar/neovim/0.10.1/share/nvim/runtime/plugin/osc52.lua
015.845  000.051  000.051: sourcing /opt/homebrew/Cellar/neovim/0.10.1/share/nvim/runtime/plugin/tohtml.lua
015.868  001.298: loading rtp plugins
015.954  000.086: loading packages
016.137  000.183: loading after plugins
016.141  000.004: inits 3
016.314  000.173: reading ShaDa
017.874  001.077  001.077: require('vim.filetype')
019.304  000.212  000.212: sourcing /opt/homebrew/Cellar/neovim/0.10.1/share/nvim/runtime/ftplugin/lua.vim
021.229  000.172  000.172: require('vim.treesitter.language')
021.385  000.154  000.154: require('vim.func')
021.685  000.298  000.298: require('vim.func._memoize')
021.693  001.016  000.392: require('vim.treesitter.query')
021.808  000.113  000.113: require('vim.treesitter._range')
021.815  001.951  000.821: require('vim.treesitter.languagetree')
021.819  002.320  000.369: require('vim.treesitter')
022.622  000.004  000.004: require('vim.F')
025.640  000.403  000.403: require('vim.treesitter.highlighter')
025.721  006.338  003.611: sourcing /opt/homebrew/Cellar/neovim/0.10.1/share/nvim/runtime/ftplugin/lua.lua
026.387  000.156  000.156: sourcing /opt/homebrew/Cellar/neovim/0.10.1/share/nvim/runtime/indent/lua.vim
026.712  000.292  000.292: require('editorconfig')
026.747  000.032  000.032: require('vim.fs')
026.978  002.557: opening buffers
026.991  000.013: BufEnter autocommands
026.992  000.002: editing files in windows
027.076  000.084: VimEnter autocommands
027.077  000.002: UIEnter autocommands
027.078  000.001: before starting main loop
041.828  000.349  000.349: require('vim.highlight')
042.715  015.287: first screen update
042.716  000.002: --- NVIM STARTED ---

